<?xml version="1.0" encoding="UTF-8"?>
<!-- Generated by org.testng.reporters.JUnitReportReporter -->
<testsuite hostname="MIGHTYSURYA11" failures="0" tests="1" name="Frame.api_demos" time="0.912" errors="0" timestamp="2024-08-01T11:56:20 IST" skipped="0">
  <testcase classname="Frame.api_demos" name="test1" time="0.912"/>
  <system-out/>
</testsuite> <!-- Frame.api_demos -->
